<?xml version="1.0" encoding="UTF-8"?>
<!-- Generated by org.testng.reporters.JUnitXMLReporter -->
<testsuite ignored="0" hostname="DESKTOP-NLMSAMV" failures="0" tests="6" name="Default test" time="584.053" errors="0" timestamp="2025-01-27T12:09:33 IST">
  <testcase classname="com.GamePlayByFreeUsers" name="test_Public_Game_Played_By_Non_Logged_User" time="115.264"/>
  <testcase classname="com.GamePlayByFreeUsers" name="test_Public_Game_Played_By_Logged_User_Who_having_Free_account" time="118.394"/>
  <testcase classname="com.GamePlayByFreeUsers" name="test_Free_User_Create_Game_Using_AI" time="90.559"/>
  <testcase classname="com.GamePlayByFreeUsers" name="test_Free_User_Play_AIGenerated_Game" time="84.535"/>
  <testcase classname="com.GamePlayByFreeUsers" name="test_Free_User_Creates_Game_Manually" time="54.85"/>
  <testcase classname="com.GamePlayByFreeUsers" name="test_Free_User_Play_Manually_Created_Game" time="120.367"/>
</testsuite> <!-- Default test -->
