<?xml version="1.0" encoding="UTF-8"?>
<!-- Generated by org.testng.reporters.JUnitXMLReporter -->
<testsuite ignored="0" hostname="DESKTOP-NLMSAMV" failures="0" tests="7" name="Default test" time="25.466" errors="0" timestamp="2025-01-08T13:16:57 IST">
  <testcase classname="com.SignUP" name="Sign_Up_with_Valid_Credentials" time="11.2"/>
  <testcase classname="com.SignUP" name="Sign_Up_with_an_already_Registered_Email" time="4.824"/>
  <testcase classname="com.SignUP" name="SignUp_with_an_Invalid_EmailID" time="2.034"/>
  <testcase classname="com.SignUP" name="SignUp_with_Password_ConfirmPassword_Missmatch" time="1.802"/>
  <testcase classname="com.SignUP" name="SignUp_with_a_Password_Less_Than_6_Characters" time="1.804"/>
  <testcase classname="com.SignUP" name="SignUp_with_an_Email_Containing_Invalid_Characters_Space" time="1.782"/>
  <testcase classname="com.SignUP" name="SignUp_with_an_Password_Containing_Invalid_Characters_Space" time="1.91"/>
</testsuite> <!-- Default test -->
