<?xml version="1.0" encoding="UTF-8"?>
<!-- Generated by org.testng.reporters.JUnitXMLReporter -->
<testsuite ignored="8" hostname="DESKTOP-NLMSAMV" failures="0" tests="26" name="Test" time="771.463" errors="0" timestamp="2025-01-20T15:38:33 IST">
  <testcase classname="com.SignUP" name="Sign_Up_with_Valid_Credentials" time="11.584"/>
  <testcase classname="com.SignUP" name="Sign_Up_with_an_already_Registered_Email" time="3.483"/>
  <testcase classname="com.SignUP" name="SignUp_with_an_Invalid_EmailID" time="1.777"/>
  <testcase classname="com.SignUP" name="SignUp_with_Password_ConfirmPassword_Missmatch" time="1.466"/>
  <testcase classname="com.SignUP" name="SignUp_with_a_Password_Less_Than_6_Characters" time="1.404"/>
  <testcase classname="com.SignUP" name="SignUp_with_an_Email_Containing_Invalid_Characters_Space" time="1.364"/>
  <testcase classname="com.SignUP" name="SignUp_with_an_Password_Containing_Invalid_Characters_Space" time="1.343"/>
  <testcase classname="com.Login" name="Login_with_valid_usernameAndpassword" time="2.289"/>
  <testcase classname="com.Login" name="Login_with_valid_emailAndpassword" time="4.184"/>
  <testcase classname="com.Login" name="Login_with_Invalid_username" time="5.435"/>
  <testcase classname="com.Login" name="Login_with_Invalid_Gmail" time="5.761"/>
  <testcase classname="com.Login" name="Login_with_Invalid_Password" time="5.445"/>
  <testcase classname="com.FreeAccountFeatures" name="test_SignUP_FreeAccount" time="7.319"/>
  <testcase classname="com.FreeAccountFeatures" name="test_Create_Game_In_NewAccount_Who_having_FreeAccount" time="80.907"/>
  <testcase classname="com.FreeAccountFeatures" name="test_Preview_OF_CreatedGame" time="15.104"/>
  <testcase classname="com.FreeAccountFeatures" name="test_Preview_A_Public_Game" time="11.665"/>
  <testcase classname="com.FreeAccountFeatures" name="test_Move_A_CreatedGame_From_AllGames_To_CreatedFolder" time="8.873"/>
  <testcase classname="com.FreeAccountFeatures" name="test_Delete_Folder" time="4.434"/>
  <testcase classname="com.FreeAccountFeatures" name="test_Delete_Created_Game" time="7.204"/>
  <testcase classname="com.FreeAccountFeatures" name="test_Delete_Account" time="4.454"/>
  <testcase classname="com.GamePlayByFreeUsers" name="test_Public_Game_Played_By_Non_Logged_User" time="113.168"/>
  <testcase classname="com.GamePlayByFreeUsers" name="test_Public_Game_Played_By_Logged_User_Who_having_Free_account" time="123.336"/>
  <testcase classname="com.GamePlayByFreeUsers" name="test_Free_User_Create_Game_Using_AI" time="89.764"/>
  <testcase classname="com.GamePlayByFreeUsers" name="test_Free_User_Play_AIGenerated_Game" time="88.45"/>
  <testcase classname="com.GamePlayByFreeUsers" name="test_Free_User_Creates_Game_Manually" time="52.505"/>
  <testcase classname="com.GamePlayByFreeUsers" name="test_Free_User_Play_Manually_Created_Game" time="118.545"/>
  <testcase classname="Resource.BaseTest" name="@BeforeSuite setUp" time="0.0">
    <ignored/>
  </testcase> <!-- @BeforeSuite setUp -->
  <testcase classname="Resource.BaseTest" name="@BeforeSuite setUp" time="0.0">
    <ignored/>
  </testcase> <!-- @BeforeSuite setUp -->
  <testcase classname="Resource.BaseTest" name="@BeforeSuite setUp" time="0.0">
    <ignored/>
  </testcase> <!-- @BeforeSuite setUp -->
  <testcase classname="Resource.BaseTest" name="@BeforeSuite setUp" time="0.0">
    <ignored/>
  </testcase> <!-- @BeforeSuite setUp -->
  <testcase classname="Resource.BaseTest" name="@AfterSuite quitPlaywright" time="0.0">
    <ignored/>
  </testcase> <!-- @AfterSuite quitPlaywright -->
  <testcase classname="Resource.BaseTest" name="@AfterSuite quitPlaywright" time="0.0">
    <ignored/>
  </testcase> <!-- @AfterSuite quitPlaywright -->
  <testcase classname="Resource.BaseTest" name="@AfterSuite quitPlaywright" time="0.0">
    <ignored/>
  </testcase> <!-- @AfterSuite quitPlaywright -->
  <testcase classname="Resource.BaseTest" name="@AfterSuite quitPlaywright" time="0.0">
    <ignored/>
  </testcase> <!-- @AfterSuite quitPlaywright -->
</testsuite> <!-- Test -->
