<?xml version="1.0" encoding="UTF-8"?>
<!-- Generated by org.testng.reporters.JUnitXMLReporter -->
<testsuite ignored="2" hostname="DESKTOP-NLMSAMV" failures="1" tests="6" name="Test" time="488.294" errors="0" timestamp="2025-01-13T17:34:58 IST">
  <testcase classname="com.GamePlayByFreeUsers" name="test_Public_Game_Played_By_Non_Logged_User" time="115.157"/>
  <testcase classname="com.GamePlayByFreeUsers" name="test_Public_Game_Played_By_Logged_User_Who_having_Free_account" time="123.87"/>
  <testcase classname="com.GamePlayByFreeUsers" name="test_Free_User_Create_Game_Using_AI" time="84.001"/>
  <testcase classname="com.GamePlayByFreeUsers" name="test_Free_User_Play_AIGenerated_Game" time="83.186"/>
  <testcase classname="com.GamePlayByFreeUsers" name="test_Free_User_Creates_Game_Manually" time="81.578">
    <failure type="com.microsoft.playwright.TimeoutError" message="Error {
  message=&amp;apos;Timeout 80000ms exceeded.
  name=&amp;apos;TimeoutError
  stack=&amp;apos;TimeoutError: Timeout 80000ms exceeded.
    at ProgressController.run (C:\Users\DELL\AppData\Local\Temp\playwright-java-4894095156695069779\package\lib\server\progress.js:75:26)
    at Frame.fill (C:\Users\DELL\AppData\Local\Temp\playwright-java-4894095156695069779\package\lib\server\frames.js:1072:23)
    at FrameDispatcher.fill (C:\Users\DELL\AppData\Local\Temp\playwright-java-4894095156695069779\package\lib\server\dispatchers\frameDispatcher.js:170:30)
    at FrameDispatcher._handleCommand (C:\Users\DELL\AppData\Local\Temp\playwright-java-4894095156695069779\package\lib\server\dispatchers\dispatcher.js:94:40)
    at DispatcherConnection.dispatch (C:\Users\DELL\AppData\Local\Temp\playwright-java-4894095156695069779\package\lib\server\dispatchers\dispatcher.js:361:39)
}
Call log:
-   - waiting for getByPlaceholder(&amp;quot;Email Address&amp;quot;)
-     - waiting for&amp;quot; https://awspf.com/signin?redirect_uri=https://awspf.com/signup&amp;quot; navigation to finish...
-     - navigated to &amp;quot;https://awspf.com/signin?redirect_uri=https://awspf.com/signup&amp;quot;
">
      <![CDATA[com.microsoft.playwright.TimeoutError: Error {
  message='Timeout 80000ms exceeded.
  name='TimeoutError
  stack='TimeoutError: Timeout 80000ms exceeded.
    at ProgressController.run (C:\Users\DELL\AppData\Local\Temp\playwright-java-4894095156695069779\package\lib\server\progress.js:75:26)
    at Frame.fill (C:\Users\DELL\AppData\Local\Temp\playwright-java-4894095156695069779\package\lib\server\frames.js:1072:23)
    at FrameDispatcher.fill (C:\Users\DELL\AppData\Local\Temp\playwright-java-4894095156695069779\package\lib\server\dispatchers\frameDispatcher.js:170:30)
    at FrameDispatcher._handleCommand (C:\Users\DELL\AppData\Local\Temp\playwright-java-4894095156695069779\package\lib\server\dispatchers\dispatcher.js:94:40)
    at DispatcherConnection.dispatch (C:\Users\DELL\AppData\Local\Temp\playwright-java-4894095156695069779\package\lib\server\dispatchers\dispatcher.js:361:39)
}
Call log:
-   - waiting for getByPlaceholder("Email Address")
-     - waiting for" https://awspf.com/signin?redirect_uri=https://awspf.com/signup" navigation to finish...
-     - navigated to "https://awspf.com/signin?redirect_uri=https://awspf.com/signup"

at com.microsoft.playwright.impl.WaitableResult.get(WaitableResult.java:52)
at com.microsoft.playwright.impl.ChannelOwner.runUntil(ChannelOwner.java:132)
at com.microsoft.playwright.impl.Connection.sendMessage(Connection.java:130)
at com.microsoft.playwright.impl.ChannelOwner.sendMessage(ChannelOwner.java:118)
at com.microsoft.playwright.impl.FrameImpl.fillImpl(FrameImpl.java:335)
at com.microsoft.playwright.impl.FrameImpl.lambda$fill$14(FrameImpl.java:325)
at com.microsoft.playwright.impl.LoggingSupport.lambda$withLogging$0(LoggingSupport.java:36)
at com.microsoft.playwright.impl.LoggingSupport.withLogging(LoggingSupport.java:47)
at com.microsoft.playwright.impl.ChannelOwner.withLogging(ChannelOwner.java:97)
at com.microsoft.playwright.impl.LoggingSupport.withLogging(LoggingSupport.java:35)
at com.microsoft.playwright.impl.FrameImpl.fill(FrameImpl.java:325)
at com.microsoft.playwright.impl.LocatorImpl.fill(LocatorImpl.java:250)
at com.microsoft.playwright.Locator.fill(Locator.java:3075)
at com.GamePlayByFreeUsers.test_Free_User_Creates_Game_Manually(GamePlayByFreeUsers.java:572)
at java.base/java.util.ArrayList.forEach(ArrayList.java:1511)
Caused by: com.microsoft.playwright.TimeoutError: Error {
  message='Timeout 80000ms exceeded.
  name='TimeoutError
  stack='TimeoutError: Timeout 80000ms exceeded.
    at ProgressController.run (C:\Users\DELL\AppData\Local\Temp\playwright-java-4894095156695069779\package\lib\server\progress.js:75:26)
    at Frame.fill (C:\Users\DELL\AppData\Local\Temp\playwright-java-4894095156695069779\package\lib\server\frames.js:1072:23)
    at FrameDispatcher.fill (C:\Users\DELL\AppData\Local\Temp\playwright-java-4894095156695069779\package\lib\server\dispatchers\frameDispatcher.js:170:30)
    at FrameDispatcher._handleCommand (C:\Users\DELL\AppData\Local\Temp\playwright-java-4894095156695069779\package\lib\server\dispatchers\dispatcher.js:94:40)
    at DispatcherConnection.dispatch (C:\Users\DELL\AppData\Local\Temp\playwright-java-4894095156695069779\package\lib\server\dispatchers\dispatcher.js:361:39)
}
Call log:
-   - waiting for getByPlaceholder("Email Address")
-     - waiting for" https://awspf.com/signin?redirect_uri=https://awspf.com/signup" navigation to finish...
-     - navigated to "https://awspf.com/signin?redirect_uri=https://awspf.com/signup"

at com.microsoft.playwright.impl.Connection.dispatch(Connection.java:254)
at com.microsoft.playwright.impl.Connection.processOneMessage(Connection.java:211)
at com.microsoft.playwright.impl.ChannelOwner.runUntil(ChannelOwner.java:130)
... 40 more
... Removed 27 stack frames]]>
    </failure>
  </testcase> <!-- test_Free_User_Creates_Game_Manually -->
  <testcase classname="com.GamePlayByFreeUsers" name="test_Free_User_Play_Manually_Created_Game" time="0.0">
    <skipped/>
  </testcase> <!-- test_Free_User_Play_Manually_Created_Game -->
  <testcase classname="Resource.BaseTest" name="@BeforeSuite setUp" time="0.0">
    <ignored/>
  </testcase> <!-- @BeforeSuite setUp -->
  <testcase classname="Resource.BaseTest" name="@AfterSuite quitPlaywright" time="0.0">
    <ignored/>
  </testcase> <!-- @AfterSuite quitPlaywright -->
</testsuite> <!-- Test -->
