<?xml version="1.0" encoding="UTF-8"?>
<!-- Generated by org.testng.reporters.JUnitXMLReporter -->
<testsuite ignored="2" hostname="DESKTOP-NLMSAMV" failures="0" tests="4" name="Test" time="410.198" errors="0" timestamp="2025-01-13T13:49:07 IST">
  <testcase classname="com.GamePlayByFreeUsers" name="test_Public_Game_Played_By_Non_Logged_User" time="112.722"/>
  <testcase classname="com.GamePlayByFreeUsers" name="test_Public_Game_Played_By_Logged_User_Who_having_Free_account" time="119.74"/>
  <testcase classname="com.GamePlayByFreeUsers" name="test_Free_User_Create_Game_Using_AI" time="93.403"/>
  <testcase classname="com.GamePlayByFreeUsers" name="test_Free_User_Play_AIGenerated_Game" time="84.234"/>
  <testcase classname="Resource.BaseTest" name="@AfterSuite quitPlaywright" time="0.0">
    <ignored/>
  </testcase> <!-- @AfterSuite quitPlaywright -->
  <testcase classname="Resource.BaseTest" name="@BeforeSuite setUp" time="0.0">
    <ignored/>
  </testcase> <!-- @BeforeSuite setUp -->
</testsuite> <!-- Test -->
