<?xml version="1.0" encoding="UTF-8"?>
<!-- Generated by org.testng.reporters.JUnitXMLReporter -->
<testsuite ignored="8" hostname="DESKTOP-NLMSAMV" failures="0" tests="26" name="Test" time="766.306" errors="0" timestamp="2025-01-27T11:55:10 IST">
  <testcase classname="com.SignUP" name="Sign_Up_with_Valid_Credentials" time="12.363"/>
  <testcase classname="com.SignUP" name="Sign_Up_with_an_already_Registered_Email" time="3.399"/>
  <testcase classname="com.SignUP" name="SignUp_with_an_Invalid_EmailID" time="1.363"/>
  <testcase classname="com.SignUP" name="SignUp_with_Password_ConfirmPassword_Missmatch" time="1.25"/>
  <testcase classname="com.SignUP" name="SignUp_with_a_Password_Less_Than_6_Characters" time="1.225"/>
  <testcase classname="com.SignUP" name="SignUp_with_an_Email_Containing_Invalid_Characters_Space" time="1.23"/>
  <testcase classname="com.SignUP" name="SignUp_with_an_Password_Containing_Invalid_Characters_Space" time="1.467"/>
  <testcase classname="com.Login" name="Login_with_valid_usernameAndpassword" time="2.182"/>
  <testcase classname="com.Login" name="Login_with_valid_emailAndpassword" time="3.989"/>
  <testcase classname="com.Login" name="Login_with_Invalid_username" time="5.244"/>
  <testcase classname="com.Login" name="Login_with_Invalid_Gmail" time="5.234"/>
  <testcase classname="com.Login" name="Login_with_Invalid_Password" time="5.303"/>
  <testcase classname="com.FreeAccountFeatures" name="test_SignUP_FreeAccount" time="7.214"/>
  <testcase classname="com.FreeAccountFeatures" name="test_Create_Game_In_NewAccount_Who_having_FreeAccount" time="81.023"/>
  <testcase classname="com.FreeAccountFeatures" name="test_Preview_OF_CreatedGame" time="13.341"/>
  <testcase classname="com.FreeAccountFeatures" name="test_Preview_A_Public_Game" time="15.609"/>
  <testcase classname="com.FreeAccountFeatures" name="test_Move_A_CreatedGame_From_AllGames_To_CreatedFolder" time="8.929"/>
  <testcase classname="com.FreeAccountFeatures" name="test_Delete_Folder" time="4.469"/>
  <testcase classname="com.FreeAccountFeatures" name="test_Delete_Created_Game" time="7.092"/>
  <testcase classname="com.FreeAccountFeatures" name="test_Delete_Account" time="4.093"/>
  <testcase classname="com.GamePlayByFreeUsers" name="test_Public_Game_Played_By_Non_Logged_User" time="114.008"/>
  <testcase classname="com.GamePlayByFreeUsers" name="test_Public_Game_Played_By_Logged_User_Who_having_Free_account" time="117.723"/>
  <testcase classname="com.GamePlayByFreeUsers" name="test_Free_User_Create_Game_Using_AI" time="85.973"/>
  <testcase classname="com.GamePlayByFreeUsers" name="test_Free_User_Play_AIGenerated_Game" time="86.307"/>
  <testcase classname="com.GamePlayByFreeUsers" name="test_Free_User_Creates_Game_Manually" time="54.157"/>
  <testcase classname="com.GamePlayByFreeUsers" name="test_Free_User_Play_Manually_Created_Game" time="121.812"/>
  <testcase classname="Resource.BaseTest" name="@BeforeSuite setUp" time="0.0">
    <ignored/>
  </testcase> <!-- @BeforeSuite setUp -->
  <testcase classname="Resource.BaseTest" name="@AfterSuite quitPlaywright" time="0.0">
    <ignored/>
  </testcase> <!-- @AfterSuite quitPlaywright -->
  <testcase classname="Resource.BaseTest" name="@BeforeSuite setUp" time="0.0">
    <ignored/>
  </testcase> <!-- @BeforeSuite setUp -->
  <testcase classname="Resource.BaseTest" name="@BeforeSuite setUp" time="0.0">
    <ignored/>
  </testcase> <!-- @BeforeSuite setUp -->
  <testcase classname="Resource.BaseTest" name="@AfterSuite quitPlaywright" time="0.0">
    <ignored/>
  </testcase> <!-- @AfterSuite quitPlaywright -->
  <testcase classname="Resource.BaseTest" name="@BeforeSuite setUp" time="0.0">
    <ignored/>
  </testcase> <!-- @BeforeSuite setUp -->
  <testcase classname="Resource.BaseTest" name="@AfterSuite quitPlaywright" time="0.0">
    <ignored/>
  </testcase> <!-- @AfterSuite quitPlaywright -->
  <testcase classname="Resource.BaseTest" name="@AfterSuite quitPlaywright" time="0.0">
    <ignored/>
  </testcase> <!-- @AfterSuite quitPlaywright -->
</testsuite> <!-- Test -->
