-------------------------------------------------------------------------------
Test set: TestSuite
-------------------------------------------------------------------------------
Tests run: 25, Failures: 5, Errors: 0, Skipped: 0, Time elapsed: 1086 s <<< FAILURE! -- in TestSuite
com.FreeAccountFeatures.test_Preview_OF_CreatedGame -- Time elapsed: 11.53 s <<< FAILURE!
org.opentest4j.AssertionFailedError: 
Locator expected to be visible
Call log:
  - Locator.expect with timeout 5000ms
  - waiting for getByText("CATEG1")
	at com.microsoft.playwright.impl.AssertionsBase.expectImpl(AssertionsBase.java:69)
	at com.microsoft.playwright.impl.AssertionsBase.expectImpl(AssertionsBase.java:51)
	at com.microsoft.playwright.impl.LocatorAssertionsImpl.expectTrue(LocatorAssertionsImpl.java:402)
	at com.microsoft.playwright.impl.LocatorAssertionsImpl.isVisible(LocatorAssertionsImpl.java:397)
	at com.microsoft.playwright.assertions.LocatorAssertions.isVisible(LocatorAssertions.java:782)
	at com.FreeAccountFeatures.test_Preview_OF_CreatedGame(FreeAccountFeatures.java:290)
	at java.base/jdk.internal.reflect.NativeMethodAccessorImpl.invoke0(Native Method)
	at java.base/jdk.internal.reflect.NativeMethodAccessorImpl.invoke(NativeMethodAccessorImpl.java:77)
	at java.base/jdk.internal.reflect.DelegatingMethodAccessorImpl.invoke(DelegatingMethodAccessorImpl.java:43)
	at java.base/java.lang.reflect.Method.invoke(Method.java:568)
	at org.testng.internal.invokers.MethodInvocationHelper.invokeMethod(MethodInvocationHelper.java:139)
	at org.testng.internal.invokers.TestInvoker.invokeMethod(TestInvoker.java:664)
	at org.testng.internal.invokers.TestInvoker.invokeTestMethod(TestInvoker.java:227)
	at org.testng.internal.invokers.MethodRunner.runInSequence(MethodRunner.java:50)
	at org.testng.internal.invokers.TestInvoker$MethodInvocationAgent.invoke(TestInvoker.java:957)
	at org.testng.internal.invokers.TestInvoker.invokeTestMethods(TestInvoker.java:200)
	at org.testng.internal.invokers.TestMethodWorker.invokeTestMethods(TestMethodWorker.java:148)
	at org.testng.internal.invokers.TestMethodWorker.run(TestMethodWorker.java:128)
	at java.base/java.util.ArrayList.forEach(ArrayList.java:1511)
	at org.testng.TestRunner.privateRun(TestRunner.java:848)
	at org.testng.TestRunner.run(TestRunner.java:621)
	at org.testng.SuiteRunner.runTest(SuiteRunner.java:443)
	at org.testng.SuiteRunner.runSequentially(SuiteRunner.java:437)
	at org.testng.SuiteRunner.privateRun(SuiteRunner.java:397)
	at org.testng.SuiteRunner.run(SuiteRunner.java:336)
	at org.testng.SuiteRunnerWorker.runSuite(SuiteRunnerWorker.java:52)
	at org.testng.SuiteRunnerWorker.run(SuiteRunnerWorker.java:95)
	at org.testng.TestNG.runSuitesSequentially(TestNG.java:1280)
	at org.testng.TestNG.runSuitesLocally(TestNG.java:1200)
	at org.testng.TestNG.runSuites(TestNG.java:1114)
	at org.testng.TestNG.run(TestNG.java:1082)
	at org.apache.maven.surefire.testng.TestNGExecutor.run(TestNGExecutor.java:308)
	at org.apache.maven.surefire.testng.TestNGXmlTestSuite.execute(TestNGXmlTestSuite.java:71)
	at org.apache.maven.surefire.testng.TestNGProvider.invoke(TestNGProvider.java:113)
	at org.apache.maven.surefire.booter.ForkedBooter.runSuitesInProcess(ForkedBooter.java:385)
	at org.apache.maven.surefire.booter.ForkedBooter.execute(ForkedBooter.java:162)
	at org.apache.maven.surefire.booter.ForkedBooter.run(ForkedBooter.java:507)
	at org.apache.maven.surefire.booter.ForkedBooter.main(ForkedBooter.java:495)

com.FreeAccountFeatures.test_Move_A_CreatedGame_From_AllGames_To_CreatedFolder -- Time elapsed: 84.26 s <<< FAILURE!
com.microsoft.playwright.TimeoutError: 
Error {
  message='Timeout 80000ms exceeded.
  name='TimeoutError
  stack='TimeoutError: Timeout 80000ms exceeded.
    at ProgressController.run (C:\Users\DELL\AppData\Local\Temp\playwright-java-14740074174495675561\package\lib\server\progress.js:75:26)
    at Frame.click (C:\Users\DELL\AppData\Local\Temp\playwright-java-14740074174495675561\package\lib\server\frames.js:1022:23)
    at FrameDispatcher.click (C:\Users\DELL\AppData\Local\Temp\playwright-java-14740074174495675561\package\lib\server\dispatchers\frameDispatcher.js:158:30)
    at FrameDispatcher._handleCommand (C:\Users\DELL\AppData\Local\Temp\playwright-java-14740074174495675561\package\lib\server\dispatchers\dispatcher.js:94:40)
    at DispatcherConnection.dispatch (C:\Users\DELL\AppData\Local\Temp\playwright-java-14740074174495675561\package\lib\server\dispatchers\dispatcher.js:361:39)
}
Call log:
-   - waiting for getByRole(AriaRole.BUTTON, new Page.GetByRoleOptions().setName("Create Folder New Folder"))

	at com.microsoft.playwright.impl.WaitableResult.get(WaitableResult.java:52)
	at com.microsoft.playwright.impl.ChannelOwner.runUntil(ChannelOwner.java:132)
	at com.microsoft.playwright.impl.Connection.sendMessage(Connection.java:130)
	at com.microsoft.playwright.impl.ChannelOwner.sendMessage(ChannelOwner.java:118)
	at com.microsoft.playwright.impl.FrameImpl.clickImpl(FrameImpl.java:252)
	at com.microsoft.playwright.impl.FrameImpl.lambda$click$8(FrameImpl.java:243)
	at com.microsoft.playwright.impl.LoggingSupport.lambda$withLogging$0(LoggingSupport.java:36)
	at com.microsoft.playwright.impl.LoggingSupport.withLogging(LoggingSupport.java:47)
	at com.microsoft.playwright.impl.ChannelOwner.withLogging(ChannelOwner.java:97)
	at com.microsoft.playwright.impl.LoggingSupport.withLogging(LoggingSupport.java:35)
	at com.microsoft.playwright.impl.FrameImpl.click(FrameImpl.java:243)
	at com.microsoft.playwright.impl.LocatorImpl.click(LocatorImpl.java:175)
	at com.microsoft.playwright.Locator.click(Locator.java:2493)
	at com.FreeAccountFeatures.test_Move_A_CreatedGame_From_AllGames_To_CreatedFolder(FreeAccountFeatures.java:467)
	at java.base/jdk.internal.reflect.NativeMethodAccessorImpl.invoke0(Native Method)
	at java.base/jdk.internal.reflect.NativeMethodAccessorImpl.invoke(NativeMethodAccessorImpl.java:77)
	at java.base/jdk.internal.reflect.DelegatingMethodAccessorImpl.invoke(DelegatingMethodAccessorImpl.java:43)
	at java.base/java.lang.reflect.Method.invoke(Method.java:568)
	at org.testng.internal.invokers.MethodInvocationHelper.invokeMethod(MethodInvocationHelper.java:139)
	at org.testng.internal.invokers.TestInvoker.invokeMethod(TestInvoker.java:664)
	at org.testng.internal.invokers.TestInvoker.invokeTestMethod(TestInvoker.java:227)
	at org.testng.internal.invokers.MethodRunner.runInSequence(MethodRunner.java:50)
	at org.testng.internal.invokers.TestInvoker$MethodInvocationAgent.invoke(TestInvoker.java:957)
	at org.testng.internal.invokers.TestInvoker.invokeTestMethods(TestInvoker.java:200)
	at org.testng.internal.invokers.TestMethodWorker.invokeTestMethods(TestMethodWorker.java:148)
	at org.testng.internal.invokers.TestMethodWorker.run(TestMethodWorker.java:128)
	at java.base/java.util.ArrayList.forEach(ArrayList.java:1511)
	at org.testng.TestRunner.privateRun(TestRunner.java:848)
	at org.testng.TestRunner.run(TestRunner.java:621)
	at org.testng.SuiteRunner.runTest(SuiteRunner.java:443)
	at org.testng.SuiteRunner.runSequentially(SuiteRunner.java:437)
	at org.testng.SuiteRunner.privateRun(SuiteRunner.java:397)
	at org.testng.SuiteRunner.run(SuiteRunner.java:336)
	at org.testng.SuiteRunnerWorker.runSuite(SuiteRunnerWorker.java:52)
	at org.testng.SuiteRunnerWorker.run(SuiteRunnerWorker.java:95)
	at org.testng.TestNG.runSuitesSequentially(TestNG.java:1280)
	at org.testng.TestNG.runSuitesLocally(TestNG.java:1200)
	at org.testng.TestNG.runSuites(TestNG.java:1114)
	at org.testng.TestNG.run(TestNG.java:1082)
	at org.apache.maven.surefire.testng.TestNGExecutor.run(TestNGExecutor.java:308)
	at org.apache.maven.surefire.testng.TestNGXmlTestSuite.execute(TestNGXmlTestSuite.java:71)
	at org.apache.maven.surefire.testng.TestNGProvider.invoke(TestNGProvider.java:113)
	at org.apache.maven.surefire.booter.ForkedBooter.runSuitesInProcess(ForkedBooter.java:385)
	at org.apache.maven.surefire.booter.ForkedBooter.execute(ForkedBooter.java:162)
	at org.apache.maven.surefire.booter.ForkedBooter.run(ForkedBooter.java:507)
	at org.apache.maven.surefire.booter.ForkedBooter.main(ForkedBooter.java:495)
Caused by: com.microsoft.playwright.TimeoutError: Error {
  message='Timeout 80000ms exceeded.
  name='TimeoutError
  stack='TimeoutError: Timeout 80000ms exceeded.
    at ProgressController.run (C:\Users\DELL\AppData\Local\Temp\playwright-java-14740074174495675561\package\lib\server\progress.js:75:26)
    at Frame.click (C:\Users\DELL\AppData\Local\Temp\playwright-java-14740074174495675561\package\lib\server\frames.js:1022:23)
    at FrameDispatcher.click (C:\Users\DELL\AppData\Local\Temp\playwright-java-14740074174495675561\package\lib\server\dispatchers\frameDispatcher.js:158:30)
    at FrameDispatcher._handleCommand (C:\Users\DELL\AppData\Local\Temp\playwright-java-14740074174495675561\package\lib\server\dispatchers\dispatcher.js:94:40)
    at DispatcherConnection.dispatch (C:\Users\DELL\AppData\Local\Temp\playwright-java-14740074174495675561\package\lib\server\dispatchers\dispatcher.js:361:39)
}
Call log:
-   - waiting for getByRole(AriaRole.BUTTON, new Page.GetByRoleOptions().setName("Create Folder New Folder"))

	at com.microsoft.playwright.impl.Connection.dispatch(Connection.java:254)
	at com.microsoft.playwright.impl.Connection.processOneMessage(Connection.java:211)
	at com.microsoft.playwright.impl.ChannelOwner.runUntil(ChannelOwner.java:130)
	... 44 more

com.FreeAccountFeatures.test_Delete_Folder -- Time elapsed: 82.17 s <<< FAILURE!
com.microsoft.playwright.TimeoutError: 
Error {
  message='Timeout 80000ms exceeded.
  name='TimeoutError
  stack='TimeoutError: Timeout 80000ms exceeded.
    at ProgressController.run (C:\Users\DELL\AppData\Local\Temp\playwright-java-14740074174495675561\package\lib\server\progress.js:75:26)
    at Frame.click (C:\Users\DELL\AppData\Local\Temp\playwright-java-14740074174495675561\package\lib\server\frames.js:1022:23)
    at FrameDispatcher.click (C:\Users\DELL\AppData\Local\Temp\playwright-java-14740074174495675561\package\lib\server\dispatchers\frameDispatcher.js:158:30)
    at FrameDispatcher._handleCommand (C:\Users\DELL\AppData\Local\Temp\playwright-java-14740074174495675561\package\lib\server\dispatchers\dispatcher.js:94:40)
    at DispatcherConnection.dispatch (C:\Users\DELL\AppData\Local\Temp\playwright-java-14740074174495675561\package\lib\server\dispatchers\dispatcher.js:361:39)
}
Call log:
-   - waiting for getByRole(AriaRole.BUTTON, new Page.GetByRoleOptions().setName("")).nth(2)

	at com.microsoft.playwright.impl.WaitableResult.get(WaitableResult.java:52)
	at com.microsoft.playwright.impl.ChannelOwner.runUntil(ChannelOwner.java:132)
	at com.microsoft.playwright.impl.Connection.sendMessage(Connection.java:130)
	at com.microsoft.playwright.impl.ChannelOwner.sendMessage(ChannelOwner.java:118)
	at com.microsoft.playwright.impl.FrameImpl.clickImpl(FrameImpl.java:252)
	at com.microsoft.playwright.impl.FrameImpl.lambda$click$8(FrameImpl.java:243)
	at com.microsoft.playwright.impl.LoggingSupport.lambda$withLogging$0(LoggingSupport.java:36)
	at com.microsoft.playwright.impl.LoggingSupport.withLogging(LoggingSupport.java:47)
	at com.microsoft.playwright.impl.ChannelOwner.withLogging(ChannelOwner.java:97)
	at com.microsoft.playwright.impl.LoggingSupport.withLogging(LoggingSupport.java:35)
	at com.microsoft.playwright.impl.FrameImpl.click(FrameImpl.java:243)
	at com.microsoft.playwright.impl.LocatorImpl.click(LocatorImpl.java:175)
	at com.microsoft.playwright.Locator.click(Locator.java:2493)
	at com.FreeAccountFeatures.test_Delete_Folder(FreeAccountFeatures.java:484)
	at java.base/jdk.internal.reflect.NativeMethodAccessorImpl.invoke0(Native Method)
	at java.base/jdk.internal.reflect.NativeMethodAccessorImpl.invoke(NativeMethodAccessorImpl.java:77)
	at java.base/jdk.internal.reflect.DelegatingMethodAccessorImpl.invoke(DelegatingMethodAccessorImpl.java:43)
	at java.base/java.lang.reflect.Method.invoke(Method.java:568)
	at org.testng.internal.invokers.MethodInvocationHelper.invokeMethod(MethodInvocationHelper.java:139)
	at org.testng.internal.invokers.TestInvoker.invokeMethod(TestInvoker.java:664)
	at org.testng.internal.invokers.TestInvoker.invokeTestMethod(TestInvoker.java:227)
	at org.testng.internal.invokers.MethodRunner.runInSequence(MethodRunner.java:50)
	at org.testng.internal.invokers.TestInvoker$MethodInvocationAgent.invoke(TestInvoker.java:957)
	at org.testng.internal.invokers.TestInvoker.invokeTestMethods(TestInvoker.java:200)
	at org.testng.internal.invokers.TestMethodWorker.invokeTestMethods(TestMethodWorker.java:148)
	at org.testng.internal.invokers.TestMethodWorker.run(TestMethodWorker.java:128)
	at java.base/java.util.ArrayList.forEach(ArrayList.java:1511)
	at org.testng.TestRunner.privateRun(TestRunner.java:848)
	at org.testng.TestRunner.run(TestRunner.java:621)
	at org.testng.SuiteRunner.runTest(SuiteRunner.java:443)
	at org.testng.SuiteRunner.runSequentially(SuiteRunner.java:437)
	at org.testng.SuiteRunner.privateRun(SuiteRunner.java:397)
	at org.testng.SuiteRunner.run(SuiteRunner.java:336)
	at org.testng.SuiteRunnerWorker.runSuite(SuiteRunnerWorker.java:52)
	at org.testng.SuiteRunnerWorker.run(SuiteRunnerWorker.java:95)
	at org.testng.TestNG.runSuitesSequentially(TestNG.java:1280)
	at org.testng.TestNG.runSuitesLocally(TestNG.java:1200)
	at org.testng.TestNG.runSuites(TestNG.java:1114)
	at org.testng.TestNG.run(TestNG.java:1082)
	at org.apache.maven.surefire.testng.TestNGExecutor.run(TestNGExecutor.java:308)
	at org.apache.maven.surefire.testng.TestNGXmlTestSuite.execute(TestNGXmlTestSuite.java:71)
	at org.apache.maven.surefire.testng.TestNGProvider.invoke(TestNGProvider.java:113)
	at org.apache.maven.surefire.booter.ForkedBooter.runSuitesInProcess(ForkedBooter.java:385)
	at org.apache.maven.surefire.booter.ForkedBooter.execute(ForkedBooter.java:162)
	at org.apache.maven.surefire.booter.ForkedBooter.run(ForkedBooter.java:507)
	at org.apache.maven.surefire.booter.ForkedBooter.main(ForkedBooter.java:495)
Caused by: com.microsoft.playwright.TimeoutError: Error {
  message='Timeout 80000ms exceeded.
  name='TimeoutError
  stack='TimeoutError: Timeout 80000ms exceeded.
    at ProgressController.run (C:\Users\DELL\AppData\Local\Temp\playwright-java-14740074174495675561\package\lib\server\progress.js:75:26)
    at Frame.click (C:\Users\DELL\AppData\Local\Temp\playwright-java-14740074174495675561\package\lib\server\frames.js:1022:23)
    at FrameDispatcher.click (C:\Users\DELL\AppData\Local\Temp\playwright-java-14740074174495675561\package\lib\server\dispatchers\frameDispatcher.js:158:30)
    at FrameDispatcher._handleCommand (C:\Users\DELL\AppData\Local\Temp\playwright-java-14740074174495675561\package\lib\server\dispatchers\dispatcher.js:94:40)
    at DispatcherConnection.dispatch (C:\Users\DELL\AppData\Local\Temp\playwright-java-14740074174495675561\package\lib\server\dispatchers\dispatcher.js:361:39)
}
Call log:
-   - waiting for getByRole(AriaRole.BUTTON, new Page.GetByRoleOptions().setName("")).nth(2)

	at com.microsoft.playwright.impl.Connection.dispatch(Connection.java:254)
	at com.microsoft.playwright.impl.Connection.processOneMessage(Connection.java:211)
	at com.microsoft.playwright.impl.ChannelOwner.runUntil(ChannelOwner.java:130)
	... 44 more

com.FreeAccountFeatures.test_Delete_Created_Game -- Time elapsed: 82.22 s <<< FAILURE!
com.microsoft.playwright.TimeoutError: 
Error {
  message='Timeout 80000ms exceeded.
  name='TimeoutError
  stack='TimeoutError: Timeout 80000ms exceeded.
    at ProgressController.run (C:\Users\DELL\AppData\Local\Temp\playwright-java-14740074174495675561\package\lib\server\progress.js:75:26)
    at Frame.click (C:\Users\DELL\AppData\Local\Temp\playwright-java-14740074174495675561\package\lib\server\frames.js:1022:23)
    at FrameDispatcher.click (C:\Users\DELL\AppData\Local\Temp\playwright-java-14740074174495675561\package\lib\server\dispatchers\frameDispatcher.js:158:30)
    at FrameDispatcher._handleCommand (C:\Users\DELL\AppData\Local\Temp\playwright-java-14740074174495675561\package\lib\server\dispatchers\dispatcher.js:94:40)
    at DispatcherConnection.dispatch (C:\Users\DELL\AppData\Local\Temp\playwright-java-14740074174495675561\package\lib\server\dispatchers\dispatcher.js:361:39)
}
Call log:
-   - waiting for getByRole(AriaRole.LINK, new Page.GetByRoleOptions().setName("Edit"))

	at com.microsoft.playwright.impl.WaitableResult.get(WaitableResult.java:52)
	at com.microsoft.playwright.impl.ChannelOwner.runUntil(ChannelOwner.java:132)
	at com.microsoft.playwright.impl.Connection.sendMessage(Connection.java:130)
	at com.microsoft.playwright.impl.ChannelOwner.sendMessage(ChannelOwner.java:118)
	at com.microsoft.playwright.impl.FrameImpl.clickImpl(FrameImpl.java:252)
	at com.microsoft.playwright.impl.FrameImpl.lambda$click$8(FrameImpl.java:243)
	at com.microsoft.playwright.impl.LoggingSupport.lambda$withLogging$0(LoggingSupport.java:36)
	at com.microsoft.playwright.impl.LoggingSupport.withLogging(LoggingSupport.java:47)
	at com.microsoft.playwright.impl.ChannelOwner.withLogging(ChannelOwner.java:97)
	at com.microsoft.playwright.impl.LoggingSupport.withLogging(LoggingSupport.java:35)
	at com.microsoft.playwright.impl.FrameImpl.click(FrameImpl.java:243)
	at com.microsoft.playwright.impl.LocatorImpl.click(LocatorImpl.java:175)
	at com.microsoft.playwright.Locator.click(Locator.java:2493)
	at com.FreeAccountFeatures.test_Delete_Created_Game(FreeAccountFeatures.java:493)
	at java.base/jdk.internal.reflect.NativeMethodAccessorImpl.invoke0(Native Method)
	at java.base/jdk.internal.reflect.NativeMethodAccessorImpl.invoke(NativeMethodAccessorImpl.java:77)
	at java.base/jdk.internal.reflect.DelegatingMethodAccessorImpl.invoke(DelegatingMethodAccessorImpl.java:43)
	at java.base/java.lang.reflect.Method.invoke(Method.java:568)
	at org.testng.internal.invokers.MethodInvocationHelper.invokeMethod(MethodInvocationHelper.java:139)
	at org.testng.internal.invokers.TestInvoker.invokeMethod(TestInvoker.java:664)
	at org.testng.internal.invokers.TestInvoker.invokeTestMethod(TestInvoker.java:227)
	at org.testng.internal.invokers.MethodRunner.runInSequence(MethodRunner.java:50)
	at org.testng.internal.invokers.TestInvoker$MethodInvocationAgent.invoke(TestInvoker.java:957)
	at org.testng.internal.invokers.TestInvoker.invokeTestMethods(TestInvoker.java:200)
	at org.testng.internal.invokers.TestMethodWorker.invokeTestMethods(TestMethodWorker.java:148)
	at org.testng.internal.invokers.TestMethodWorker.run(TestMethodWorker.java:128)
	at java.base/java.util.ArrayList.forEach(ArrayList.java:1511)
	at org.testng.TestRunner.privateRun(TestRunner.java:848)
	at org.testng.TestRunner.run(TestRunner.java:621)
	at org.testng.SuiteRunner.runTest(SuiteRunner.java:443)
	at org.testng.SuiteRunner.runSequentially(SuiteRunner.java:437)
	at org.testng.SuiteRunner.privateRun(SuiteRunner.java:397)
	at org.testng.SuiteRunner.run(SuiteRunner.java:336)
	at org.testng.SuiteRunnerWorker.runSuite(SuiteRunnerWorker.java:52)
	at org.testng.SuiteRunnerWorker.run(SuiteRunnerWorker.java:95)
	at org.testng.TestNG.runSuitesSequentially(TestNG.java:1280)
	at org.testng.TestNG.runSuitesLocally(TestNG.java:1200)
	at org.testng.TestNG.runSuites(TestNG.java:1114)
	at org.testng.TestNG.run(TestNG.java:1082)
	at org.apache.maven.surefire.testng.TestNGExecutor.run(TestNGExecutor.java:308)
	at org.apache.maven.surefire.testng.TestNGXmlTestSuite.execute(TestNGXmlTestSuite.java:71)
	at org.apache.maven.surefire.testng.TestNGProvider.invoke(TestNGProvider.java:113)
	at org.apache.maven.surefire.booter.ForkedBooter.runSuitesInProcess(ForkedBooter.java:385)
	at org.apache.maven.surefire.booter.ForkedBooter.execute(ForkedBooter.java:162)
	at org.apache.maven.surefire.booter.ForkedBooter.run(ForkedBooter.java:507)
	at org.apache.maven.surefire.booter.ForkedBooter.main(ForkedBooter.java:495)
Caused by: com.microsoft.playwright.TimeoutError: Error {
  message='Timeout 80000ms exceeded.
  name='TimeoutError
  stack='TimeoutError: Timeout 80000ms exceeded.
    at ProgressController.run (C:\Users\DELL\AppData\Local\Temp\playwright-java-14740074174495675561\package\lib\server\progress.js:75:26)
    at Frame.click (C:\Users\DELL\AppData\Local\Temp\playwright-java-14740074174495675561\package\lib\server\frames.js:1022:23)
    at FrameDispatcher.click (C:\Users\DELL\AppData\Local\Temp\playwright-java-14740074174495675561\package\lib\server\dispatchers\frameDispatcher.js:158:30)
    at FrameDispatcher._handleCommand (C:\Users\DELL\AppData\Local\Temp\playwright-java-14740074174495675561\package\lib\server\dispatchers\dispatcher.js:94:40)
    at DispatcherConnection.dispatch (C:\Users\DELL\AppData\Local\Temp\playwright-java-14740074174495675561\package\lib\server\dispatchers\dispatcher.js:361:39)
}
Call log:
-   - waiting for getByRole(AriaRole.LINK, new Page.GetByRoleOptions().setName("Edit"))

	at com.microsoft.playwright.impl.Connection.dispatch(Connection.java:254)
	at com.microsoft.playwright.impl.Connection.processOneMessage(Connection.java:211)
	at com.microsoft.playwright.impl.ChannelOwner.runUntil(ChannelOwner.java:130)
	... 44 more

com.FreeAccountFeatures.test_Delete_Account -- Time elapsed: 82.32 s <<< FAILURE!
com.microsoft.playwright.TimeoutError: 
Error {
  message='Timeout 80000ms exceeded.
  name='TimeoutError
  stack='TimeoutError: Timeout 80000ms exceeded.
    at ProgressController.run (C:\Users\DELL\AppData\Local\Temp\playwright-java-14740074174495675561\package\lib\server\progress.js:75:26)
    at Frame.click (C:\Users\DELL\AppData\Local\Temp\playwright-java-14740074174495675561\package\lib\server\frames.js:1022:23)
    at FrameDispatcher.click (C:\Users\DELL\AppData\Local\Temp\playwright-java-14740074174495675561\package\lib\server\dispatchers\frameDispatcher.js:158:30)
    at FrameDispatcher._handleCommand (C:\Users\DELL\AppData\Local\Temp\playwright-java-14740074174495675561\package\lib\server\dispatchers\dispatcher.js:94:40)
    at DispatcherConnection.dispatch (C:\Users\DELL\AppData\Local\Temp\playwright-java-14740074174495675561\package\lib\server\dispatchers\dispatcher.js:361:39)
}
Call log:
-   - waiting for getByRole(AriaRole.LINK, new Page.GetByRoleOptions().setName("Account"))
-     - locator resolved to <a target="" href="/settings">Account</a>
-   - attempting click action
-     2 × waiting for element to be visible, enabled and stable
-       - element is visible, enabled and stable
-       - scrolling into view if needed
-       - done scrolling
-       - <div class="gameTitle game-title-flex">…</div> from <div class="sidebar-nav">…</div> subtree intercepts pointer events
-     - retrying click action
-     - waiting 20ms
-     2 × waiting for element to be visible, enabled and stable
-       - element is visible, enabled and stable
-       - scrolling into view if needed
-       - done scrolling
-       - <div class="gameTitle game-title-flex">…</div> from <div class="sidebar-nav">…</div> subtree intercepts pointer events
-     - retrying click action
-       - waiting 100ms
-     151 × waiting for element to be visible, enabled and stable
-         - element is visible, enabled and stable
-         - scrolling into view if needed
-         - done scrolling
-         - <div class="gameTitle game-title-flex">…</div> from <div class="sidebar-nav">…</div> subtree intercepts pointer events
-       - retrying click action
-         - waiting 500ms

	at com.microsoft.playwright.impl.WaitableResult.get(WaitableResult.java:52)
	at com.microsoft.playwright.impl.ChannelOwner.runUntil(ChannelOwner.java:132)
	at com.microsoft.playwright.impl.Connection.sendMessage(Connection.java:130)
	at com.microsoft.playwright.impl.ChannelOwner.sendMessage(ChannelOwner.java:118)
	at com.microsoft.playwright.impl.FrameImpl.clickImpl(FrameImpl.java:252)
	at com.microsoft.playwright.impl.FrameImpl.lambda$click$8(FrameImpl.java:243)
	at com.microsoft.playwright.impl.LoggingSupport.lambda$withLogging$0(LoggingSupport.java:36)
	at com.microsoft.playwright.impl.LoggingSupport.withLogging(LoggingSupport.java:47)
	at com.microsoft.playwright.impl.ChannelOwner.withLogging(ChannelOwner.java:97)
	at com.microsoft.playwright.impl.LoggingSupport.withLogging(LoggingSupport.java:35)
	at com.microsoft.playwright.impl.FrameImpl.click(FrameImpl.java:243)
	at com.microsoft.playwright.impl.LocatorImpl.click(LocatorImpl.java:175)
	at com.microsoft.playwright.Locator.click(Locator.java:2493)
	at com.FreeAccountFeatures.test_Delete_Account(FreeAccountFeatures.java:506)
	at java.base/jdk.internal.reflect.NativeMethodAccessorImpl.invoke0(Native Method)
	at java.base/jdk.internal.reflect.NativeMethodAccessorImpl.invoke(NativeMethodAccessorImpl.java:77)
	at java.base/jdk.internal.reflect.DelegatingMethodAccessorImpl.invoke(DelegatingMethodAccessorImpl.java:43)
	at java.base/java.lang.reflect.Method.invoke(Method.java:568)
	at org.testng.internal.invokers.MethodInvocationHelper.invokeMethod(MethodInvocationHelper.java:139)
	at org.testng.internal.invokers.TestInvoker.invokeMethod(TestInvoker.java:664)
	at org.testng.internal.invokers.TestInvoker.invokeTestMethod(TestInvoker.java:227)
	at org.testng.internal.invokers.MethodRunner.runInSequence(MethodRunner.java:50)
	at org.testng.internal.invokers.TestInvoker$MethodInvocationAgent.invoke(TestInvoker.java:957)
	at org.testng.internal.invokers.TestInvoker.invokeTestMethods(TestInvoker.java:200)
	at org.testng.internal.invokers.TestMethodWorker.invokeTestMethods(TestMethodWorker.java:148)
	at org.testng.internal.invokers.TestMethodWorker.run(TestMethodWorker.java:128)
	at java.base/java.util.ArrayList.forEach(ArrayList.java:1511)
	at org.testng.TestRunner.privateRun(TestRunner.java:848)
	at org.testng.TestRunner.run(TestRunner.java:621)
	at org.testng.SuiteRunner.runTest(SuiteRunner.java:443)
	at org.testng.SuiteRunner.runSequentially(SuiteRunner.java:437)
	at org.testng.SuiteRunner.privateRun(SuiteRunner.java:397)
	at org.testng.SuiteRunner.run(SuiteRunner.java:336)
	at org.testng.SuiteRunnerWorker.runSuite(SuiteRunnerWorker.java:52)
	at org.testng.SuiteRunnerWorker.run(SuiteRunnerWorker.java:95)
	at org.testng.TestNG.runSuitesSequentially(TestNG.java:1280)
	at org.testng.TestNG.runSuitesLocally(TestNG.java:1200)
	at org.testng.TestNG.runSuites(TestNG.java:1114)
	at org.testng.TestNG.run(TestNG.java:1082)
	at org.apache.maven.surefire.testng.TestNGExecutor.run(TestNGExecutor.java:308)
	at org.apache.maven.surefire.testng.TestNGXmlTestSuite.execute(TestNGXmlTestSuite.java:71)
	at org.apache.maven.surefire.testng.TestNGProvider.invoke(TestNGProvider.java:113)
	at org.apache.maven.surefire.booter.ForkedBooter.runSuitesInProcess(ForkedBooter.java:385)
	at org.apache.maven.surefire.booter.ForkedBooter.execute(ForkedBooter.java:162)
	at org.apache.maven.surefire.booter.ForkedBooter.run(ForkedBooter.java:507)
	at org.apache.maven.surefire.booter.ForkedBooter.main(ForkedBooter.java:495)
Caused by: com.microsoft.playwright.TimeoutError: Error {
  message='Timeout 80000ms exceeded.
  name='TimeoutError
  stack='TimeoutError: Timeout 80000ms exceeded.
    at ProgressController.run (C:\Users\DELL\AppData\Local\Temp\playwright-java-14740074174495675561\package\lib\server\progress.js:75:26)
    at Frame.click (C:\Users\DELL\AppData\Local\Temp\playwright-java-14740074174495675561\package\lib\server\frames.js:1022:23)
    at FrameDispatcher.click (C:\Users\DELL\AppData\Local\Temp\playwright-java-14740074174495675561\package\lib\server\dispatchers\frameDispatcher.js:158:30)
    at FrameDispatcher._handleCommand (C:\Users\DELL\AppData\Local\Temp\playwright-java-14740074174495675561\package\lib\server\dispatchers\dispatcher.js:94:40)
    at DispatcherConnection.dispatch (C:\Users\DELL\AppData\Local\Temp\playwright-java-14740074174495675561\package\lib\server\dispatchers\dispatcher.js:361:39)
}
Call log:
-   - waiting for getByRole(AriaRole.LINK, new Page.GetByRoleOptions().setName("Account"))
-     - locator resolved to <a target="" href="/settings">Account</a>
-   - attempting click action
-     2 × waiting for element to be visible, enabled and stable
-       - element is visible, enabled and stable
-       - scrolling into view if needed
-       - done scrolling
-       - <div class="gameTitle game-title-flex">…</div> from <div class="sidebar-nav">…</div> subtree intercepts pointer events
-     - retrying click action
-     - waiting 20ms
-     2 × waiting for element to be visible, enabled and stable
-       - element is visible, enabled and stable
-       - scrolling into view if needed
-       - done scrolling
-       - <div class="gameTitle game-title-flex">…</div> from <div class="sidebar-nav">…</div> subtree intercepts pointer events
-     - retrying click action
-       - waiting 100ms
-     151 × waiting for element to be visible, enabled and stable
-         - element is visible, enabled and stable
-         - scrolling into view if needed
-         - done scrolling
-         - <div class="gameTitle game-title-flex">…</div> from <div class="sidebar-nav">…</div> subtree intercepts pointer events
-       - retrying click action
-         - waiting 500ms

	at com.microsoft.playwright.impl.Connection.dispatch(Connection.java:254)
	at com.microsoft.playwright.impl.Connection.processOneMessage(Connection.java:211)
	at com.microsoft.playwright.impl.ChannelOwner.runUntil(ChannelOwner.java:130)
	... 44 more

