<?xml version="1.0" encoding="UTF-8"?>
<testng-results ignored="0" total="16" passed="16" failed="0" skipped="0">
  <reporter-output>
  </reporter-output>
  <suite started-at="2025-01-15T10:23:39 IST" name="Suite" finished-at="2025-01-15T10:30:07 IST" duration-ms="388055">
    <groups>
    </groups>
    <test started-at="2025-01-15T10:23:39 IST" name="Test" finished-at="2025-01-15T10:30:07 IST" duration-ms="388055">
      <class name="Resource.BaseTest">
        <test-method is-config="true" signature="setUp()[pri:0, instance:Resource.BaseTest@563f38c4]" started-at="2025-01-15T10:23:27 IST" name="setUp" finished-at="2025-01-15T10:23:39 IST" duration-ms="12478" status="PASS">
          <reporter-output>
          </reporter-output>
        </test-method> <!-- setUp -->
        <test-method is-config="true" signature="quitPlaywright()[pri:0, instance:Resource.BaseTest@563f38c4]" started-at="2025-01-15T10:30:08 IST" name="quitPlaywright" finished-at="2025-01-15T10:30:09 IST" duration-ms="510" status="PASS">
          <reporter-output>
          </reporter-output>
        </test-method> <!-- quitPlaywright -->
      </class> <!-- Resource.BaseTest -->
      <class name="com.GamePlayByFreeUsers">
        <test-method signature="test_Free_User_Create_Game_Using_AI()[pri:1, instance:com.GamePlayByFreeUsers@53fb3dab]" started-at="2025-01-15T10:24:22 IST" name="test_Free_User_Create_Game_Using_AI" finished-at="2025-01-15T10:25:48 IST" duration-ms="85548" status="PASS">
          <reporter-output>
          </reporter-output>
        </test-method> <!-- test_Free_User_Create_Game_Using_AI -->
        <test-method signature="test_Free_User_Play_AIGenerated_Game()[pri:0, instance:com.GamePlayByFreeUsers@53fb3dab]" started-at="2025-01-15T10:25:48 IST" name="test_Free_User_Play_AIGenerated_Game" finished-at="2025-01-15T10:27:18 IST" depends-on-methods="com.GamePlayByFreeUsers.test_Free_User_Create_Game_Using_AI" duration-ms="90004" status="PASS">
          <reporter-output>
          </reporter-output>
        </test-method> <!-- test_Free_User_Play_AIGenerated_Game -->
        <test-method signature="test_Free_User_Creates_Game_Manually()[pri:2, instance:com.GamePlayByFreeUsers@53fb3dab]" started-at="2025-01-15T10:27:18 IST" name="test_Free_User_Creates_Game_Manually" finished-at="2025-01-15T10:28:06 IST" duration-ms="48405" status="PASS">
          <reporter-output>
          </reporter-output>
        </test-method> <!-- test_Free_User_Creates_Game_Manually -->
        <test-method signature="test_Free_User_Play_Manually_Created_Game()[pri:0, instance:com.GamePlayByFreeUsers@53fb3dab]" started-at="2025-01-15T10:28:06 IST" name="test_Free_User_Play_Manually_Created_Game" finished-at="2025-01-15T10:30:07 IST" depends-on-methods="com.GamePlayByFreeUsers.test_Free_User_Creates_Game_Manually" duration-ms="120978" status="PASS">
          <reporter-output>
          </reporter-output>
        </test-method> <!-- test_Free_User_Play_Manually_Created_Game -->
      </class> <!-- com.GamePlayByFreeUsers -->
      <class name="com.Login">
        <test-method signature="Login_with_valid_usernameAndpassword()[pri:1, instance:com.Login@4be29ed9]" started-at="2025-01-15T10:24:00 IST" name="Login_with_valid_usernameAndpassword" finished-at="2025-01-15T10:24:02 IST" duration-ms="2007" status="PASS">
          <reporter-output>
          </reporter-output>
        </test-method> <!-- Login_with_valid_usernameAndpassword -->
        <test-method signature="Login_with_valid_emailAndpassword()[pri:2, instance:com.Login@4be29ed9]" started-at="2025-01-15T10:24:02 IST" name="Login_with_valid_emailAndpassword" finished-at="2025-01-15T10:24:07 IST" duration-ms="4855" status="PASS">
          <reporter-output>
          </reporter-output>
        </test-method> <!-- Login_with_valid_emailAndpassword -->
        <test-method signature="Login_with_Invalid_username()[pri:3, instance:com.Login@4be29ed9]" started-at="2025-01-15T10:24:07 IST" name="Login_with_Invalid_username" finished-at="2025-01-15T10:24:12 IST" duration-ms="5508" status="PASS">
          <reporter-output>
          </reporter-output>
        </test-method> <!-- Login_with_Invalid_username -->
        <test-method signature="Login_with_Invalid_Gmail()[pri:4, instance:com.Login@4be29ed9]" started-at="2025-01-15T10:24:12 IST" name="Login_with_Invalid_Gmail" finished-at="2025-01-15T10:24:17 IST" duration-ms="5140" status="PASS">
          <reporter-output>
          </reporter-output>
        </test-method> <!-- Login_with_Invalid_Gmail -->
        <test-method signature="Login_with_Invalid_Password()[pri:5, instance:com.Login@4be29ed9]" started-at="2025-01-15T10:24:17 IST" name="Login_with_Invalid_Password" finished-at="2025-01-15T10:24:22 IST" duration-ms="5134" status="PASS">
          <reporter-output>
          </reporter-output>
        </test-method> <!-- Login_with_Invalid_Password -->
      </class> <!-- com.Login -->
      <class name="com.SignUP">
        <test-method signature="Sign_Up_with_Valid_Credentials()[pri:1, instance:com.SignUP@3a7442c7]" started-at="2025-01-15T10:23:39 IST" name="Sign_Up_with_Valid_Credentials" finished-at="2025-01-15T10:23:50 IST" duration-ms="10460" status="PASS">
          <reporter-output>
          </reporter-output>
        </test-method> <!-- Sign_Up_with_Valid_Credentials -->
        <test-method signature="Sign_Up_with_an_already_Registered_Email()[pri:2, instance:com.SignUP@3a7442c7]" started-at="2025-01-15T10:23:50 IST" name="Sign_Up_with_an_already_Registered_Email" finished-at="2025-01-15T10:23:53 IST" duration-ms="3215" status="PASS">
          <reporter-output>
          </reporter-output>
        </test-method> <!-- Sign_Up_with_an_already_Registered_Email -->
        <test-method signature="SignUp_with_an_Invalid_EmailID()[pri:3, instance:com.SignUP@3a7442c7]" started-at="2025-01-15T10:23:53 IST" name="SignUp_with_an_Invalid_EmailID" finished-at="2025-01-15T10:23:54 IST" duration-ms="1292" status="PASS">
          <reporter-output>
          </reporter-output>
        </test-method> <!-- SignUp_with_an_Invalid_EmailID -->
        <test-method signature="SignUp_with_Password_ConfirmPassword_Missmatch()[pri:4, instance:com.SignUP@3a7442c7]" started-at="2025-01-15T10:23:54 IST" name="SignUp_with_Password_ConfirmPassword_Missmatch" finished-at="2025-01-15T10:23:56 IST" duration-ms="1348" status="PASS">
          <reporter-output>
          </reporter-output>
        </test-method> <!-- SignUp_with_Password_ConfirmPassword_Missmatch -->
        <test-method signature="SignUp_with_a_Password_Less_Than_6_Characters()[pri:5, instance:com.SignUP@3a7442c7]" started-at="2025-01-15T10:23:56 IST" name="SignUp_with_a_Password_Less_Than_6_Characters" finished-at="2025-01-15T10:23:57 IST" duration-ms="1801" status="PASS">
          <reporter-output>
          </reporter-output>
        </test-method> <!-- SignUp_with_a_Password_Less_Than_6_Characters -->
        <test-method signature="SignUp_with_an_Email_Containing_Invalid_Characters_Space()[pri:6, instance:com.SignUP@3a7442c7]" started-at="2025-01-15T10:23:57 IST" name="SignUp_with_an_Email_Containing_Invalid_Characters_Space" finished-at="2025-01-15T10:23:59 IST" duration-ms="1148" status="PASS">
          <reporter-output>
          </reporter-output>
        </test-method> <!-- SignUp_with_an_Email_Containing_Invalid_Characters_Space -->
        <test-method signature="SignUp_with_an_Password_Containing_Invalid_Characters_Space()[pri:7, instance:com.SignUP@3a7442c7]" started-at="2025-01-15T10:23:59 IST" name="SignUp_with_an_Password_Containing_Invalid_Characters_Space" finished-at="2025-01-15T10:24:00 IST" duration-ms="1123" status="PASS">
          <reporter-output>
          </reporter-output>
        </test-method> <!-- SignUp_with_an_Password_Containing_Invalid_Characters_Space -->
      </class> <!-- com.SignUP -->
    </test> <!-- Test -->
  </suite> <!-- Suite -->
</testng-results>
