<?xml version="1.0" encoding="UTF-8"?>
<testng-results ignored="0" total="4" passed="4" failed="0" skipped="0">
  <reporter-output>
  </reporter-output>
  <suite started-at="2025-01-13T13:42:17 IST" name="Suite" finished-at="2025-01-13T13:49:07 IST" duration-ms="410198">
    <groups>
    </groups>
    <test started-at="2025-01-13T13:42:17 IST" name="Test" finished-at="2025-01-13T13:49:07 IST" duration-ms="410198">
      <class name="Resource.BaseTest">
        <test-method is-config="true" signature="setUp()[pri:0, instance:Resource.BaseTest@1ed4ae0f]" started-at="2025-01-13T13:42:06 IST" name="setUp" finished-at="2025-01-13T13:42:17 IST" duration-ms="10138" status="PASS">
          <reporter-output>
          </reporter-output>
        </test-method> <!-- setUp -->
        <test-method is-config="true" signature="quitPlaywright()[pri:0, instance:Resource.BaseTest@1ed4ae0f]" started-at="2025-01-13T13:49:07 IST" name="quitPlaywright" finished-at="2025-01-13T13:49:08 IST" duration-ms="504" status="PASS">
          <reporter-output>
          </reporter-output>
        </test-method> <!-- quitPlaywright -->
      </class> <!-- Resource.BaseTest -->
      <class name="com.GamePlayByFreeUsers">
        <test-method signature="test_Public_Game_Played_By_Non_Logged_User()[pri:1, instance:com.GamePlayByFreeUsers@25ce9dc4]" started-at="2025-01-13T13:42:17 IST" name="test_Public_Game_Played_By_Non_Logged_User" finished-at="2025-01-13T13:44:09 IST" duration-ms="112722" status="PASS">
          <reporter-output>
          </reporter-output>
        </test-method> <!-- test_Public_Game_Played_By_Non_Logged_User -->
        <test-method signature="test_Public_Game_Played_By_Logged_User_Who_having_Free_account()[pri:2, instance:com.GamePlayByFreeUsers@25ce9dc4]" started-at="2025-01-13T13:44:09 IST" name="test_Public_Game_Played_By_Logged_User_Who_having_Free_account" finished-at="2025-01-13T13:46:09 IST" duration-ms="119740" status="PASS">
          <reporter-output>
          </reporter-output>
        </test-method> <!-- test_Public_Game_Played_By_Logged_User_Who_having_Free_account -->
        <test-method signature="test_Free_User_Create_Game_Using_AI()[pri:3, instance:com.GamePlayByFreeUsers@25ce9dc4]" started-at="2025-01-13T13:46:09 IST" name="test_Free_User_Create_Game_Using_AI" finished-at="2025-01-13T13:47:43 IST" duration-ms="93403" status="PASS">
          <reporter-output>
          </reporter-output>
        </test-method> <!-- test_Free_User_Create_Game_Using_AI -->
        <test-method signature="test_Free_User_Play_AIGenerated_Game()[pri:0, instance:com.GamePlayByFreeUsers@25ce9dc4]" started-at="2025-01-13T13:47:43 IST" name="test_Free_User_Play_AIGenerated_Game" finished-at="2025-01-13T13:49:07 IST" depends-on-methods="com.GamePlayByFreeUsers.test_Free_User_Create_Game_Using_AI" duration-ms="84234" status="PASS">
          <reporter-output>
          </reporter-output>
        </test-method> <!-- test_Free_User_Play_AIGenerated_Game -->
      </class> <!-- com.GamePlayByFreeUsers -->
    </test> <!-- Test -->
  </suite> <!-- Suite -->
</testng-results>
