<?xml version="1.0" encoding="UTF-8"?>
<testsuite xmlns:xsi="http://www.w3.org/2001/XMLSchema-instance" xsi:noNamespaceSchemaLocation="https://maven.apache.org/surefire/maven-surefire-plugin/xsd/surefire-test-report.xsd" version="3.0.2" name="TestSuite" time="767.409" tests="25" errors="0" skipped="0" failures="0">
  <properties>
[...]
</properties>
  <testcase name="Sign_Up_with_Valid_Credentials" classname="com.SignUP" time="11.992">
    <system-out><![CDATA[OS is:-windows 11
Sign_Up_with_Valid_Credentials test case got Passed
After performing  Sign up, I have deleted the new account and fetching the title of the page:-Classroom Jeopardy Review Game | Buzzer Mode | Factile
]]></system-out>
    <system-err><![CDATA[SLF4J: Failed to load class "org.slf4j.impl.StaticLoggerBinder".
SLF4J: Defaulting to no-operation (NOP) logger implementation
SLF4J: See http://www.slf4j.org/codes.html#StaticLoggerBinder for further details.
]]></system-err>
  </testcase>
  <testcase name="Sign_Up_with_an_already_Registered_Email" classname="com.SignUP" time="3.394">
    <system-out><![CDATA[Sign_Up_with_an_already_Registered_Email test case got Passed
]]></system-out>
  </testcase>
  <testcase name="SignUp_with_an_Invalid_EmailID" classname="com.SignUP" time="1.365">
    <system-out><![CDATA[SignUp_with_an_Invalid_EmailID test case got Passed
]]></system-out>
  </testcase>
  <testcase name="SignUp_with_Password_ConfirmPassword_Missmatch" classname="com.SignUP" time="1.347">
    <system-out><![CDATA[SignUp_with_Password_ConfirmPassword_Missmatchtest test case got Passed
]]></system-out>
  </testcase>
  <testcase name="SignUp_with_a_Password_Less_Than_6_Characters" classname="com.SignUP" time="1.49">
    <system-out><![CDATA[SignUp_with_a_Password_Less_Than_6_Characters test case got Passed
]]></system-out>
  </testcase>
  <testcase name="SignUp_with_an_Email_Containing_Invalid_Characters_Space" classname="com.SignUP" time="1.339">
    <system-out><![CDATA[SignUp_with_an_Email_Containing_Invalid_Characters_Space test case got Passed
]]></system-out>
  </testcase>
  <testcase name="SignUp_with_an_Password_Containing_Invalid_Characters_Space" classname="com.SignUP" time="1.292">
    <system-out><![CDATA[SignUp_with_an_Password_Containing_Invalid_Characters_Space test case got Passed
]]></system-out>
  </testcase>
  <testcase name="Login_with_valid_usernameAndpassword" classname="com.Login" time="2.247">
    <system-out><![CDATA[Login_with_valid_usernameAndpassword test case got Passed
]]></system-out>
  </testcase>
  <testcase name="Login_with_valid_emailAndpassword" classname="com.Login" time="4.093">
    <system-out><![CDATA[Login_with_valid_emailAndpassword test case got Passed
]]></system-out>
  </testcase>
  <testcase name="Login_with_Invalid_username" classname="com.Login" time="5.305">
    <system-out><![CDATA[Login_with_Invalid_username>> test case got Passed
]]></system-out>
  </testcase>
  <testcase name="Login_with_Invalid_Gmail" classname="com.Login" time="5.415">
    <system-out><![CDATA[Login_with_Invalid_Gmail>> test case got Passed
]]></system-out>
  </testcase>
  <testcase name="Login_with_Invalid_Password" classname="com.Login" time="5.317">
    <system-out><![CDATA[Login_with_Invalid_Password>> test case got Passed
]]></system-out>
  </testcase>
  <testcase name="test_SignUP_FreeAccount" classname="com.FreeAccountFeatures" time="7.29">
    <system-out><![CDATA[e4b82ccd1@example.com
]]></system-out>
  </testcase>
  <testcase name="test_Create_Game_In_NewAccount_Who_having_FreeAccount" classname="com.FreeAccountFeatures" time="78.451">
    <system-out><![CDATA[A new user with a free account has successfully created a game. 
]]></system-out>
  </testcase>
  <testcase name="test_Preview_OF_CreatedGame" classname="com.FreeAccountFeatures" time="12.191">
    <system-out><![CDATA[A new user with a free account has successfully previewed the game they created.
]]></system-out>
  </testcase>
  <testcase name="test_Move_A_CreatedGame_From_AllGames_To_CreatedFolder" classname="com.FreeAccountFeatures" time="8.708">
    <system-out><![CDATA[A new user with a free account has created a folder and moved the game from AllGames to CreatedFolder.
]]></system-out>
  </testcase>
  <testcase name="test_Delete_Folder" classname="com.FreeAccountFeatures" time="4.587">
    <system-out><![CDATA[A new user with a free account has successfully deleted a folder they previously created.
]]></system-out>
  </testcase>
  <testcase name="test_Delete_Created_Game" classname="com.FreeAccountFeatures" time="6.751">
    <system-out><![CDATA[A new user with a free account has successfully deleted a created Game they previously created.
]]></system-out>
  </testcase>
  <testcase name="test_Delete_Account" classname="com.FreeAccountFeatures" time="4.31">
    <system-out><![CDATA[Delete account is working fine for new users
]]></system-out>
  </testcase>
  <testcase name="test_Public_Game_Played_By_Non_Logged_User" classname="com.GamePlayByFreeUsers" time="113.689">
    <system-out><![CDATA[A non-logged-in user has successfully played a public game.
]]></system-out>
  </testcase>
  <testcase name="test_Public_Game_Played_By_Logged_User_Who_having_Free_account" classname="com.GamePlayByFreeUsers" time="122.661">
    <system-out><![CDATA[A new user with a free account has successfully played a public game.
]]></system-out>
  </testcase>
  <testcase name="test_Free_User_Create_Game_Using_AI" classname="com.GamePlayByFreeUsers" time="86.672">
    <system-out><![CDATA[40b6c65c1@example.com

A new user with a free account has successfully created a game using AI.
]]></system-out>
  </testcase>
  <testcase name="test_Free_User_Play_AIGenerated_Game" classname="com.GamePlayByFreeUsers" time="86.409">
    <system-out><![CDATA[A new user with a free account has played an AI-generated game that they created.
]]></system-out>
  </testcase>
  <testcase name="test_Free_User_Creates_Game_Manually" classname="com.GamePlayByFreeUsers" time="52.071">
    <system-out><![CDATA[bfd5c9ca1@example.com

A new user with a free account has successfully created a game manually.
]]></system-out>
  </testcase>
  <testcase name="test_Free_User_Play_Manually_Created_Game" classname="com.GamePlayByFreeUsers" time="122.065">
    <system-out><![CDATA[A new user with a free account has played a manually created game.
]]></system-out>
  </testcase>
</testsuite>