<?xml version="1.0" encoding="UTF-8"?>
<testng-results ignored="0" total="7" passed="7" failed="0" skipped="0">
  <reporter-output>
  </reporter-output>
  <suite started-at="2025-01-02T11:47:56 IST" name="Default suite" finished-at="2025-01-02T11:48:34 IST" duration-ms="37560">
    <groups>
    </groups>
    <test started-at="2025-01-02T11:47:56 IST" name="Default test" finished-at="2025-01-02T11:48:34 IST" duration-ms="37560">
      <class name="com.SignUP">
        <test-method is-config="true" signature="setUp()[pri:0, instance:com.SignUP@20ce78ec]" started-at="2025-01-02T11:47:43 IST" name="setUp" finished-at="2025-01-02T11:47:56 IST" duration-ms="12557" status="PASS">
          <reporter-output>
          </reporter-output>
        </test-method> <!-- setUp -->
        <test-method signature="Sign_Up_with_Valid_Credentials()[pri:1, instance:com.SignUP@20ce78ec]" started-at="2025-01-02T11:47:56 IST" name="Sign_Up_with_Valid_Credentials" finished-at="2025-01-02T11:48:16 IST" duration-ms="19873" status="PASS">
          <reporter-output>
          </reporter-output>
        </test-method> <!-- Sign_Up_with_Valid_Credentials -->
        <test-method signature="Sign_Up_with_an_already_Registered_Email()[pri:2, instance:com.SignUP@20ce78ec]" started-at="2025-01-02T11:48:16 IST" name="Sign_Up_with_an_already_Registered_Email" finished-at="2025-01-02T11:48:21 IST" duration-ms="4938" status="PASS">
          <reporter-output>
          </reporter-output>
        </test-method> <!-- Sign_Up_with_an_already_Registered_Email -->
        <test-method signature="SignUp_with_an_Invalid_EmailID()[pri:3, instance:com.SignUP@20ce78ec]" started-at="2025-01-02T11:48:21 IST" name="SignUp_with_an_Invalid_EmailID" finished-at="2025-01-02T11:48:23 IST" duration-ms="1972" status="PASS">
          <reporter-output>
          </reporter-output>
        </test-method> <!-- SignUp_with_an_Invalid_EmailID -->
        <test-method signature="SignUp_with_Password_ConfirmPassword_Missmatch()[pri:4, instance:com.SignUP@20ce78ec]" started-at="2025-01-02T11:48:23 IST" name="SignUp_with_Password_ConfirmPassword_Missmatch" finished-at="2025-01-02T11:48:25 IST" duration-ms="2630" status="PASS">
          <reporter-output>
          </reporter-output>
        </test-method> <!-- SignUp_with_Password_ConfirmPassword_Missmatch -->
        <test-method signature="SignUp_with_a_Password_Less_Than_6_Characters()[pri:5, instance:com.SignUP@20ce78ec]" started-at="2025-01-02T11:48:25 IST" name="SignUp_with_a_Password_Less_Than_6_Characters" finished-at="2025-01-02T11:48:28 IST" duration-ms="2215" status="PASS">
          <reporter-output>
          </reporter-output>
        </test-method> <!-- SignUp_with_a_Password_Less_Than_6_Characters -->
        <test-method signature="SignUp_with_an_Email_Containing_Invalid_Characters_Space()[pri:6, instance:com.SignUP@20ce78ec]" started-at="2025-01-02T11:48:28 IST" name="SignUp_with_an_Email_Containing_Invalid_Characters_Space" finished-at="2025-01-02T11:48:30 IST" duration-ms="2462" status="PASS">
          <reporter-output>
          </reporter-output>
        </test-method> <!-- SignUp_with_an_Email_Containing_Invalid_Characters_Space -->
        <test-method signature="SignUp_with_an_Password_Containing_Invalid_Characters_Space()[pri:7, instance:com.SignUP@20ce78ec]" started-at="2025-01-02T11:48:30 IST" name="SignUp_with_an_Password_Containing_Invalid_Characters_Space" finished-at="2025-01-02T11:48:34 IST" duration-ms="3407" status="PASS">
          <reporter-output>
          </reporter-output>
        </test-method> <!-- SignUp_with_an_Password_Containing_Invalid_Characters_Space -->
        <test-method is-config="true" signature="quitPlaywright()[pri:0, instance:com.SignUP@20ce78ec]" started-at="2025-01-02T11:48:34 IST" name="quitPlaywright" finished-at="2025-01-02T11:48:35 IST" duration-ms="992" status="PASS">
          <reporter-output>
          </reporter-output>
        </test-method> <!-- quitPlaywright -->
      </class> <!-- com.SignUP -->
    </test> <!-- Default test -->
  </suite> <!-- Default suite -->
</testng-results>
