<?xml version="1.0" encoding="UTF-8"?>
<testng-results ignored="2" total="6" passed="4" failed="0" skipped="0">
  <reporter-output>
  </reporter-output>
  <suite started-at="2025-01-10T18:16:34 IST" name="Suite" finished-at="2025-01-10T18:23:17 IST" duration-ms="403119">
    <groups>
    </groups>
    <test started-at="2025-01-10T18:16:34 IST" name="Test" finished-at="2025-01-10T18:23:17 IST" duration-ms="403119">
      <class name="Resource.BaseTest">
        <test-method is-config="true" signature="setUp()[pri:0, instance:Resource.BaseTest@68c9133c]" started-at="2025-01-10T18:16:22 IST" name="setUp" finished-at="2025-01-10T18:16:34 IST" duration-ms="12051" status="PASS">
          <reporter-output>
          </reporter-output>
        </test-method> <!-- setUp -->
        <test-method is-config="true" signature="quitPlaywright()[pri:0, instance:Resource.BaseTest@68c9133c]" started-at="2025-01-10T18:23:18 IST" name="quitPlaywright" finished-at="2025-01-10T18:23:19 IST" duration-ms="814" status="PASS">
          <reporter-output>
          </reporter-output>
        </test-method> <!-- quitPlaywright -->
      </class> <!-- Resource.BaseTest -->
      <class name="com.GamePlayByFreeUsers">
        <test-method signature="test_Public_Game_Played_By_Non_Logged_User()[pri:1, instance:com.GamePlayByFreeUsers@1caa0244]" started-at="2025-01-10T18:16:34 IST" name="test_Public_Game_Played_By_Non_Logged_User" finished-at="2025-01-10T18:18:32 IST" duration-ms="117731" status="PASS">
          <reporter-output>
          </reporter-output>
        </test-method> <!-- test_Public_Game_Played_By_Non_Logged_User -->
        <test-method signature="test_Public_Game_Played_By_Logged_User_Who_having_Free_account()[pri:2, instance:com.GamePlayByFreeUsers@1caa0244]" started-at="2025-01-10T18:18:32 IST" name="test_Public_Game_Played_By_Logged_User_Who_having_Free_account" finished-at="2025-01-10T18:20:33 IST" duration-ms="120981" status="PASS">
          <reporter-output>
          </reporter-output>
        </test-method> <!-- test_Public_Game_Played_By_Logged_User_Who_having_Free_account -->
        <test-method signature="test_Free_User_Create_Game_Using_AI()[pri:3, instance:com.GamePlayByFreeUsers@1caa0244]" started-at="2025-01-10T18:20:33 IST" name="test_Free_User_Create_Game_Using_AI" finished-at="2025-01-10T18:21:55 IST" duration-ms="82424" status="PASS">
          <reporter-output>
          </reporter-output>
        </test-method> <!-- test_Free_User_Create_Game_Using_AI -->
        <test-method signature="test_Free_User_Play_AIGenerated_Game()[pri:0, instance:com.GamePlayByFreeUsers@1caa0244]" started-at="2025-01-10T18:21:55 IST" name="test_Free_User_Play_AIGenerated_Game" finished-at="2025-01-10T18:23:17 IST" depends-on-methods="com.GamePlayByFreeUsers.test_Free_User_Create_Game_Using_AI" duration-ms="81894" status="PASS">
          <reporter-output>
          </reporter-output>
        </test-method> <!-- test_Free_User_Play_AIGenerated_Game -->
      </class> <!-- com.GamePlayByFreeUsers -->
    </test> <!-- Test -->
  </suite> <!-- Suite -->
</testng-results>
